# JRE version: OpenJDK Runtime Environment Corretto-11.0.17.8.1 (11.0.17+8) (build 11.0.17+8-LTS)
# Java VM: OpenJDK 64-Bit Server VM Corretto-11.0.17.8.1 (11.0.17+8-LTS, mixed mode, tiered, compressed oops, g1 gc, windows-amd64)
Heap:
 garbage-first heap   total 315392K, used 43743K [0x0000000701800000, 0x0000000800000000)
  region size 1024K, 36 young (36864K), 2 survivors (2048K)
 Metaspace       used 22575K, capacity 23117K, committed 23344K, reserved 1071104K
  class space    used 2346K, capacity 2575K, committed 2688K, reserved 1048576K
GC Heap History (10 events):
Event: 0.547 GC heap before
{Heap before GC invocations=0 (full 0):
 garbage-first heap   total 262144K, used 14336K [0x0000000701800000, 0x0000000800000000)
  region size 1024K, 14 young (14336K), 0 survivors (0K)
 Metaspace       used 12113K, capacity 12382K, committed 12544K, reserved 1060864K
  class space    used 1119K, capacity 1224K, committed 1280K, reserved 1048576K
}
Event: 0.551 GC heap after
{Heap after GC invocations=1 (full 0):
 garbage-first heap   total 262144K, used 4157K [0x0000000701800000, 0x0000000800000000)
  region size 1024K, 2 young (2048K), 2 survivors (2048K)
 Metaspace       used 12113K, capacity 12382K, committed 12544K, reserved 1060864K
  class space    used 1119K, capacity 1224K, committed 1280K, reserved 1048576K
}
Event: 0.763 GC heap before
{Heap before GC invocations=1 (full 0):
 garbage-first heap   total 262144K, used 14397K [0x0000000701800000, 0x0000000800000000)
  region size 1024K, 12 young (12288K), 2 survivors (2048K)
 Metaspace       used 14190K, capacity 14359K, committed 14592K, reserved 1062912K
  class space    used 1373K, capacity 1437K, committed 1536K, reserved 1048576K
}
Event: 0.765 GC heap after
{Heap after GC invocations=2 (full 0):
 garbage-first heap   total 262144K, used 6029K [0x0000000701800000, 0x0000000800000000)
  region size 1024K, 2 young (2048K), 2 survivors (2048K)
 Metaspace       used 14190K, capacity 14359K, committed 14592K, reserved 1062912K
  class space    used 1373K, capacity 1437K, committed 1536K, reserved 1048576K
}
Event: 1.674 GC heap before
{Heap before GC invocations=2 (full 0):
 garbage-first heap   total 262144K, used 32653K [0x0000000701800000, 0x0000000800000000)
  region size 1024K, 28 young (28672K), 2 survivors (2048K)
 Metaspace       used 19872K, capacity 20321K, committed 20480K, reserved 1067008K
  class space    used 2087K, capacity 2249K, committed 2304K, reserved 1048576K
}
Event: 1.680 GC heap after
{Heap after GC invocations=3 (full 0):
 garbage-first heap   total 262144K, used 8700K [0x0000000701800000, 0x0000000800000000)
  region size 1024K, 4 young (4096K), 4 survivors (4096K)
 Metaspace       used 19872K, capacity 20321K, committed 20480K, reserved 1067008K
  class space    used 2087K, capacity 2249K, committed 2304K, reserved 1048576K
}
Event: 1.727 GC heap before
{Heap before GC invocations=3 (full 0):
 garbage-first heap   total 262144K, used 11772K [0x0000000701800000, 0x0000000800000000)
  region size 1024K, 8 young (8192K), 4 survivors (4096K)
 Metaspace       used 20677K, capacity 21177K, committed 21296K, reserved 1069056K
  class space    used 2177K, capacity 2385K, committed 2432K, reserved 1048576K
}
Event: 1.731 GC heap after
{Heap after GC invocations=4 (full 0):
 garbage-first heap   total 262144K, used 9294K [0x0000000701800000, 0x0000000800000000)
  region size 1024K, 3 young (3072K), 3 survivors (3072K)
 Metaspace       used 20677K, capacity 21177K, committed 21296K, reserved 1069056K
  class space    used 2177K, capacity 2385K, committed 2432K, reserved 1048576K
}
Event: 12.733 GC heap before
{Heap before GC invocations=5 (full 0):
 garbage-first heap   total 262144K, used 42062K [0x0000000701800000, 0x0000000800000000)
  region size 1024K, 35 young (35840K), 3 survivors (3072K)
 Metaspace       used 22216K, capacity 22750K, committed 22960K, reserved 1069056K
  class space    used 2329K, capacity 2524K, committed 2560K, reserved 1048576K
}
Event: 12.738 GC heap after
{Heap after GC invocations=6 (full 0):
 garbage-first heap   total 315392K, used 9951K [0x0000000701800000, 0x0000000800000000)
  region size 1024K, 2 young (2048K), 2 survivors (2048K)
 Metaspace       used 22216K, capacity 22750K, committed 22960K, reserved 1069056K
  class space    used 2329K, capacity 2524K, committed 2560K, reserved 1048576K
}

